Information: Derived library resistance unit is 999.999939 Kohm (Time unit is 1 ns, and Capacitance unit is 0.001000 pF). (DES-028)
Error: Could not resolve net 'inq_op[7]'.  (PARA-075)
Error: Could not resolve net 'inq_op[6]'.  (PARA-075)
Error: Could not resolve net 'inq_op[5]'.  (PARA-075)
Error: Could not resolve net 'inq_op[4]'.  (PARA-075)
Error: Could not resolve net 'inq_op[3]'.  (PARA-075)
Error: Could not resolve net 'inq_op[2]'.  (PARA-075)
Error: Could not resolve net 'inq_op[1]'.  (PARA-075)
Error: Could not resolve net 'inq_op[0]'.  (PARA-075)
Error: Could not resolve net 'inq_rnd_mode[1]'.  (PARA-075)
Error: Could not resolve net 'inq_rnd_mode[0]'.  (PARA-075)
Error: Could not resolve net 'inq_id[4]'.  (PARA-075)
Error: Could not resolve net 'inq_id[3]'.  (PARA-075)
Error: Could not resolve net 'inq_id[2]'.  (PARA-075)
Error: Could not resolve net 'inq_id[1]'.  (PARA-075)
Error: Could not resolve net 'inq_id[0]'.  (PARA-075)
Error: Could not resolve net 'inq_fcc[1]'.  (PARA-075)
Error: Could not resolve net 'inq_fcc[0]'.  (PARA-075)
Error: Could not resolve net 'inq_in1[63]'.  (PARA-075)
Error: Could not resolve net 'inq_in1[62]'.  (PARA-075)
Error: Could not resolve net 'inq_in1[61]'.  (PARA-075)
Error: Could not resolve net 'inq_in1[60]'.  (PARA-075)
Error: Could not resolve net 'inq_in1[59]'.  (PARA-075)
Error: Could not resolve net 'inq_in1[58]'.  (PARA-075)
Error: Could not resolve net 'inq_in1[57]'.  (PARA-075)
Error: Could not resolve net 'inq_in1[56]'.  (PARA-075)
Error: Could not resolve net 'inq_in1[55]'.  (PARA-075)
Error: Could not resolve net 'inq_in1[54]'.  (PARA-075)
Error: Could not resolve net 'inq_in1[53]'.  (PARA-075)
Error: Could not resolve net 'inq_in1[52]'.  (PARA-075)
Error: Could not resolve net 'inq_in1[51]'.  (PARA-075)
Error: Could not resolve net 'inq_in1[50]'.  (PARA-075)
Error: Could not resolve net 'inq_in1[49]'.  (PARA-075)
Error: Could not resolve net 'inq_in1[48]'.  (PARA-075)
Error: Could not resolve net 'inq_in1[47]'.  (PARA-075)
Error: Could not resolve net 'inq_in1[46]'.  (PARA-075)
Error: Could not resolve net 'inq_in1[45]'.  (PARA-075)
Error: Could not resolve net 'inq_in1[44]'.  (PARA-075)
Error: Could not resolve net 'inq_in1[43]'.  (PARA-075)
Error: Could not resolve net 'inq_in1[42]'.  (PARA-075)
Error: Could not resolve net 'inq_in1[41]'.  (PARA-075)
Error: Could not resolve net 'inq_in1[40]'.  (PARA-075)
Error: Could not resolve net 'inq_in1[39]'.  (PARA-075)
Error: Could not resolve net 'inq_in1[38]'.  (PARA-075)
Error: Could not resolve net 'inq_in1[37]'.  (PARA-075)
Error: Could not resolve net 'inq_in1[36]'.  (PARA-075)
Error: Could not resolve net 'inq_in1[35]'.  (PARA-075)
Error: Could not resolve net 'inq_in1[34]'.  (PARA-075)
Error: Could not resolve net 'inq_in1[33]'.  (PARA-075)
Error: Could not resolve net 'inq_in1[32]'.  (PARA-075)
Error: Could not resolve net 'inq_in1[31]'.  (PARA-075)
Error: Could not resolve net 'inq_in1[30]'.  (PARA-075)
Error: Could not resolve net 'inq_in1[29]'.  (PARA-075)
Error: Could not resolve net 'inq_in1[28]'.  (PARA-075)
Error: Could not resolve net 'inq_in1[27]'.  (PARA-075)
Error: Could not resolve net 'inq_in1[26]'.  (PARA-075)
Error: Could not resolve net 'inq_in1[25]'.  (PARA-075)
Error: Could not resolve net 'inq_in1[24]'.  (PARA-075)
Error: Could not resolve net 'inq_in1[23]'.  (PARA-075)
Error: Could not resolve net 'inq_in1[22]'.  (PARA-075)
Error: Could not resolve net 'inq_in1[21]'.  (PARA-075)
Error: Could not resolve net 'inq_in1[20]'.  (PARA-075)
Error: Could not resolve net 'inq_in1[19]'.  (PARA-075)
Error: Could not resolve net 'inq_in1[18]'.  (PARA-075)
Error: Could not resolve net 'inq_in1[17]'.  (PARA-075)
Error: Could not resolve net 'inq_in1[16]'.  (PARA-075)
Error: Could not resolve net 'inq_in1[15]'.  (PARA-075)
Error: Could not resolve net 'inq_in1[14]'.  (PARA-075)
Error: Could not resolve net 'inq_in1[13]'.  (PARA-075)
Error: Could not resolve net 'inq_in1[12]'.  (PARA-075)
Error: Could not resolve net 'inq_in1[11]'.  (PARA-075)
Error: Could not resolve net 'inq_in1[10]'.  (PARA-075)
Error: Could not resolve net 'inq_in1[9]'.  (PARA-075)
Error: Could not resolve net 'inq_in1[8]'.  (PARA-075)
Error: Could not resolve net 'inq_in1[7]'.  (PARA-075)
Error: Could not resolve net 'inq_in1[6]'.  (PARA-075)
Error: Could not resolve net 'inq_in1[5]'.  (PARA-075)
Error: Could not resolve net 'inq_in1[4]'.  (PARA-075)
Error: Could not resolve net 'inq_in1[3]'.  (PARA-075)
Error: Could not resolve net 'inq_in1[2]'.  (PARA-075)
Error: Could not resolve net 'inq_in1[1]'.  (PARA-075)
Error: Could not resolve net 'inq_in1[0]'.  (PARA-075)
Error: Could not resolve net 'inq_in1_50_0_neq_0'.  (PARA-075)
Error: Could not resolve net 'inq_in1_53_32_neq_0'.  (PARA-075)
Error: Could not resolve net 'inq_in1_exp_eq_0'.  (PARA-075)
Error: Could not resolve net 'inq_in1_exp_neq_ffs'.  (PARA-075)
Error: Could not resolve net 'inq_in2[63]'.  (PARA-075)
Error: Could not resolve net 'inq_in2[62]'.  (PARA-075)
Error: Could not resolve net 'inq_in2[61]'.  (PARA-075)
Error: Could not resolve net 'inq_in2[60]'.  (PARA-075)
Error: Could not resolve net 'inq_in2[59]'.  (PARA-075)
Error: Could not resolve net 'inq_in2[58]'.  (PARA-075)
Error: Could not resolve net 'inq_in2[57]'.  (PARA-075)
Error: Could not resolve net 'inq_in2[56]'.  (PARA-075)
Error: Could not resolve net 'inq_in2[55]'.  (PARA-075)
Error: Could not resolve net 'inq_in2[54]'.  (PARA-075)
Error: Could not resolve net 'inq_in2[53]'.  (PARA-075)
Error: Could not resolve net 'inq_in2[52]'.  (PARA-075)
Error: Could not resolve net 'inq_in2[51]'.  (PARA-075)
Error: Could not resolve net 'inq_in2[50]'.  (PARA-075)
Error: Could not resolve net 'inq_in2[49]'.  (PARA-075)
Note - message 'PARA-075' default limit (100) exceeded.  Remainder will be suppressed.


****************************************
Report : read_parasitics /home1/PD06/SmuraliM/RM_FPU/RM/FPU/synth/fpu_add/outputs/turbo.ss0p6v125c_WC.RC_MAX.fpu_add.mapped.spef
Design : dffrl_async_SIZE1
Version: U-2022.12-SP5
Date   : Thu May  8 15:56:21 2025
****************************************

        11419 error(s)
        Format is SPEF
        Annotated nets                   :            0
        Annotated capacitances           :            0
        Annotated resistances            :            0
        Reduced coupling capacitances    :            0
        Annotated PI models              :            0
        Annotated Elmore delays          :            0


